<?xml version="1.0" encoding="UTF-8"?>
<!-- Generated by org.testng.reporters.JUnitReportReporter -->
<testsuite hostname="QT-INBG-LT1026" failures="0" tests="2" name="Pomproject.Pomproject.PsigninTest" time="13.097" errors="0" timestamp="2022-09-19T17:25:23 IST" skipped="0">
  <testcase classname="Pomproject.Pomproject.PsigninTest" name="setup" time="8.304"/>
  <system-out/>
  <testcase classname="Pomproject.Pomproject.PsigninTest" name="setup" time="4.793"/>
  <system-out/>
</testsuite> <!-- Pomproject.Pomproject.PsigninTest -->
